#
# Copyright (c) 2009 Nokia Corporation and/or its subsidiary(-ies).
# All rights reserved.
# This component and the accompanying materials are made available
# under the terms of "Eclipse Public License v1.0"
# which accompanies this distribution, and is available
# at the URL "http://www.eclipse.org/legal/epl-v10.html".
#
# Initial Contributors:
# Nokia Corporation - initial contribution.
#
# Contributors:
#
# Description: 
#
#build tools
component	tools_utils_common

source	\sf\os\buildtools\bldsystemtools\commonbldutils

notes_source	\component_defs\release.src


ipr T 
ipr G \sf\os\buildtools\bldsystemtools\commonbldutils\lib
ipr O  \sf\os\buildtools\bldsystemtools\commonbldutils\lib\xml

